[debug] [2026-01-05T19:45:27.643Z] ----------------------------------------------------------------------
[debug] [2026-01-05T19:45:27.644Z] Command:       /Users/Frank/.nvm/versions/node/v20.19.4/bin/node /opt/homebrew/bin/firebase projects:list
[debug] [2026-01-05T19:45:27.644Z] CLI Version:   11.21.0
[debug] [2026-01-05T19:45:27.644Z] Platform:      darwin
[debug] [2026-01-05T19:45:27.645Z] Node Version:  v20.19.4
[debug] [2026-01-05T19:45:27.645Z] Time:          Mon Jan 05 2026 13:45:27 GMT-0600 (Central Standard Time)
[debug] [2026-01-05T19:45:27.645Z] ----------------------------------------------------------------------
[debug] 
[debug] [2026-01-05T19:45:27.680Z] > command requires scopes: ["email","openid","https://www.googleapis.com/auth/cloudplatformprojects.readonly","https://www.googleapis.com/auth/firebase","https://www.googleapis.com/auth/cloud-platform"]
[debug] [2026-01-05T19:45:27.680Z] > authorizing via signed-in user (fvonhoven@gmail.com)
[debug] [2026-01-05T19:45:27.681Z] > refreshing access token with scopes: []
[debug] [2026-01-05T19:45:27.682Z] >>> [apiv2][query] POST https://www.googleapis.com/oauth2/v3/token [none]
[debug] [2026-01-05T19:45:27.682Z] >>> [apiv2][body] POST https://www.googleapis.com/oauth2/v3/token [omitted]
[debug] [2026-01-05T19:45:27.920Z] <<< [apiv2][status] POST https://www.googleapis.com/oauth2/v3/token 400
[debug] [2026-01-05T19:45:27.920Z] <<< [apiv2][body] POST https://www.googleapis.com/oauth2/v3/token [omitted]
[debug] [2026-01-05T19:45:27.920Z] >>> [apiv2][query] GET https://firebase.googleapis.com/v1beta1/projects pageSize=1000
[debug] [2026-01-05T19:45:28.082Z] <<< [apiv2][status] GET https://firebase.googleapis.com/v1beta1/projects 401
[debug] [2026-01-05T19:45:28.082Z] <<< [apiv2][body] GET https://firebase.googleapis.com/v1beta1/projects [omitted]
[debug] [2026-01-05T19:45:28.083Z] HTTP Error: 401, Request had invalid authentication credentials. Expected OAuth 2 access token, login cookie or other valid authentication credential. See https://developers.google.com/identity/sign-in/web/devconsole-project.
[debug] [2026-01-05T19:45:28.173Z] FirebaseError: HTTP Error: 401, Request had invalid authentication credentials. Expected OAuth 2 access token, login cookie or other valid authentication credential. See https://developers.google.com/identity/sign-in/web/devconsole-project.
    at responseToError (/opt/homebrew/lib/node_modules/firebase-tools/lib/responseToError.js:49:12)
    at RetryOperation._fn (/opt/homebrew/lib/node_modules/firebase-tools/lib/apiv2.js:288:77)
    at process.processTicksAndRejections (node:internal/process/task_queues:95:5)
[error] 
[error] Error: Failed to list Firebase projects. See firebase-debug.log for more info.
